ApiDemos/app/build/outputs/logs/manifest-merger-debug-report.txt
-- Merging decision tree log ---
manifest
ADDED from src\main\AndroidManifest.xml:22:1-2922:12
INJECTED from src\main\AndroidManifest.xml:22:1-2922:12
INJECTED from src\main\AndroidManifest.xml:22:1-2922:12
	package
		ADDED from src\main\AndroidManifest.xml:23:5-39
		INJECTED from src\main\AndroidManifest.xml
		INJECTED from src\main\AndroidManifest.xml
	xmlns:android
		ADDED from src\main\AndroidManifest.xml:22:11-69
uses-permission#android.permission.READ_CONTACTS
ADDED from src\main\AndroidManifest.xml:25:5-72
	android:name
		ADDED from src\main\AndroidManifest.xml:25:22-69
uses-permission#android.permission.WRITE_CONTACTS
ADDED from src\main\AndroidManifest.xml:26:5-73
	android:name
		ADDED from src\main\AndroidManifest.xml:26:22-70
uses-permission#android.permission.VIBRATE
ADDED from src\main\AndroidManifest.xml:27:5-66
	android:name
		ADDED from src\main\AndroidManifest.xml:27:22-63
uses-permission#android.permission.ACCESS_COARSE_LOCATION
ADDED from src\main\AndroidManifest.xml:28:5-81
	android:name
		ADDED from src\main\AndroidManifest.xml:28:22-78
uses-permission#android.permission.INTERNET
ADDED from src\main\AndroidManifest.xml:29:5-67
	android:name
		ADDED from src\main\AndroidManifest.xml:29:22-64
uses-permission#android.permission.SET_WALLPAPER
ADDED from src\main\AndroidManifest.xml:30:5-72
	android:name
		ADDED from src\main\AndroidManifest.xml:30:22-69
uses-permission#android.permission.WRITE_EXTERNAL_STORAGE
ADDED from src\main\AndroidManifest.xml:31:5-81
	android:name
		ADDED from src\main\AndroidManifest.xml:31:22-78
uses-permission#android.permission.SEND_SMS
ADDED from src\main\AndroidManifest.xml:32:5-67
	android:name
		ADDED from src\main\AndroidManifest.xml:32:22-64
uses-permission#android.permission.RECEIVE_SMS
ADDED from src\main\AndroidManifest.xml:33:5-70
	android:name
		ADDED from src\main\AndroidManifest.xml:33:22-67
uses-permission#android.permission.NFC
ADDED from src\main\AndroidManifest.xml:34:5-62
	android:name
		ADDED from src\main\AndroidManifest.xml:34:22-59
uses-permission#android.permission.RECORD_AUDIO
ADDED from src\main\AndroidManifest.xml:37:5-71
	android:name
		ADDED from src\main\AndroidManifest.xml:37:22-68
uses-permission#android.permission.CAMERA
ADDED from src\main\AndroidManifest.xml:42:5-65
	android:name
		ADDED from src\main\AndroidManifest.xml:42:22-62
uses-feature#android.hardware.camera
ADDED from src\main\AndroidManifest.xml:43:5-60
	android:name
		ADDED from src\main\AndroidManifest.xml:43:19-57
uses-feature#android.hardware.camera.autofocus
ADDED from src\main\AndroidManifest.xml:44:5-95
	android:required
		ADDED from src\main\AndroidManifest.xml:44:68-92
	android:name
		ADDED from src\main\AndroidManifest.xml:44:19-67
application
ADDED from src\main\AndroidManifest.xml:46:5-2916:19
	android:supportsRtl
		ADDED from src\main\AndroidManifest.xml:50:13-39
	android:label
		ADDED from src\main\AndroidManifest.xml:47:13-57
	android:hardwareAccelerated
		ADDED from src\main\AndroidManifest.xml:49:13-47
	android:icon
		ADDED from src\main\AndroidManifest.xml:48:13-53
	android:name
		ADDED from src\main\AndroidManifest.xml:46:18-52
uses-library#com.example.will.never.exist
ADDED from src\main\AndroidManifest.xml:54:9-94
	android:required
		ADDED from src\main\AndroidManifest.xml:54:67-91
	android:name
		ADDED from src\main\AndroidManifest.xml:54:23-66
activity#com.example.android.apis.ApiDemos
ADDED from src\main\AndroidManifest.xml:56:9-62:20
	android:name
		ADDED from src\main\AndroidManifest.xml:56:19-42
intent-filter#action:name:android.intent.action.MAIN+category:name:android.intent.category.DEFAULT+category:name:android.intent.category.LAUNCHER
ADDED from src\main\AndroidManifest.xml:57:13-61:29
action#android.intent.action.MAIN
ADDED from src\main\AndroidManifest.xml:58:17-69
	android:name
		ADDED from src\main\AndroidManifest.xml:58:25-66
category#android.intent.category.DEFAULT
ADDED from src\main\AndroidManifest.xml:59:17-76
	android:name
		ADDED from src\main\AndroidManifest.xml:59:27-73
category#android.intent.category.LAUNCHER
ADDED from src\main\AndroidManifest.xml:60:17-77
	android:name
		ADDED from src\main\AndroidManifest.xml:60:27-74
activity#com.example.android.apis.app.HelloWorld
ADDED from src\main\AndroidManifest.xml:70:9-75:20
	android:label
		ADDED from src\main\AndroidManifest.xml:70:50-94
	android:name
		ADDED from src\main\AndroidManifest.xml:70:19-49
intent-filter#action:name:android.intent.action.MAIN+category:name:android.intent.category.SAMPLE_CODE
ADDED from src\main\AndroidManifest.xml:71:13-74:29
category#android.intent.category.SAMPLE_CODE
ADDED from src\main\AndroidManifest.xml:73:17-80
	android:name
		ADDED from src\main\AndroidManifest.xml:73:27-77
activity#com.example.android.apis.app.DialogActivity
ADDED from src\main\AndroidManifest.xml:77:9-84:20
	android:label
		ADDED from src\main\AndroidManifest.xml:78:17-56
	android:theme
		ADDED from src\main\AndroidManifest.xml:79:17-65
	android:name
		ADDED from src\main\AndroidManifest.xml:77:19-53
activity#com.example.android.apis.app.CustomDialogActivity
ADDED from src\main\AndroidManifest.xml:86:9-93:20
	android:label
		ADDED from src\main\AndroidManifest.xml:87:17-63
	android:theme
		ADDED from src\main\AndroidManifest.xml:88:17-58
	android:name
		ADDED from src\main\AndroidManifest.xml:86:19-59
activity#com.example.android.apis.app.OverscanActivity
ADDED from src\main\AndroidManifest.xml:95:9-103:20
	android:enabled
		ADDED from src\main\AndroidManifest.xml:98:17-60
	android:label
		ADDED from src\main\AndroidManifest.xml:96:17-58
	android:theme
		ADDED from src\main\AndroidManifest.xml:97:17-79
	android:name
		ADDED from src\main\AndroidManifest.xml:95:19-55
activity#com.example.android.apis.app.QuickContactsDemo
ADDED from src\main\AndroidManifest.xml:105:8-111:20
	android:label
		ADDED from src\main\AndroidManifest.xml:106:17-60
	android:name
		ADDED from src\main\AndroidManifest.xml:105:18-55
activity#com.example.android.apis.app.WallpaperActivity
ADDED from src\main\AndroidManifest.xml:113:9-120:20
	android:label
		ADDED from src\main\AndroidManifest.xml:114:17-59
	android:theme
		ADDED from src\main\AndroidManifest.xml:115:17-55
	android:name
		ADDED from src\main\AndroidManifest.xml:113:19-56
activity#com.example.android.apis.app.TranslucentActivity
ADDED from src\main\AndroidManifest.xml:122:9-129:20
	android:label
		ADDED from src\main\AndroidManifest.xml:123:17-61
	android:theme
		ADDED from src\main\AndroidManifest.xml:124:17-57
	android:name
		ADDED from src\main\AndroidManifest.xml:122:19-58
activity#com.example.android.apis.app.TranslucentBlurActivity
ADDED from src\main\AndroidManifest.xml:131:9-138:20
	android:label
		ADDED from src\main\AndroidManifest.xml:132:17-66
	android:theme
		ADDED from src\main\AndroidManifest.xml:133:17-57
	android:name
		ADDED from src\main\AndroidManifest.xml:131:19-62
activity#com.example.android.apis.app.Animation
ADDED from src\main\AndroidManifest.xml:140:9-145:20
	android:label
		ADDED from src\main\AndroidManifest.xml:140:49-91
	android:name
		ADDED from src\main\AndroidManifest.xml:140:19-48
activity#com.example.android.apis.app.SaveRestoreState
ADDED from src\main\AndroidManifest.xml:147:9-154:20
	android:label
		ADDED from src\main\AndroidManifest.xml:148:17-62
	android:windowSoftInputMode
		ADDED from src\main\AndroidManifest.xml:149:17-72
	android:name
		ADDED from src\main\AndroidManifest.xml:147:19-55
activity#com.example.android.apis.app.PersistentState
ADDED from src\main\AndroidManifest.xml:156:9-163:20
	android:label
		ADDED from src\main\AndroidManifest.xml:157:17-60
	android:windowSoftInputMode
		ADDED from src\main\AndroidManifest.xml:158:17-72
	android:name
		ADDED from src\main\AndroidManifest.xml:156:19-54
activity#com.example.android.apis.app.ActivityRecreate
ADDED from src\main\AndroidManifest.xml:165:9-172:20
	android:enabled
		ADDED from src\main\AndroidManifest.xml:167:17-57
	android:label
		ADDED from src\main\AndroidManifest.xml:166:17-58
	android:name
		ADDED from src\main\AndroidManifest.xml:165:19-55
activity#com.example.android.apis.app.FinishAffinity
ADDED from src\main\AndroidManifest.xml:174:9-182:20
	android:enabled
		ADDED from src\main\AndroidManifest.xml:177:17-57
	android:label
		ADDED from src\main\AndroidManifest.xml:175:17-65
	android:taskAffinity
		ADDED from src\main\AndroidManifest.xml:176:17-50
	android:name
		ADDED from src\main\AndroidManifest.xml:174:19-53
activity#com.example.android.apis.app.SoftInputModes
ADDED from src\main\AndroidManifest.xml:184:9-190:20
	android:label
		ADDED from src\main\AndroidManifest.xml:185:17-57
	android:name
		ADDED from src\main\AndroidManifest.xml:184:19-53
activity#com.example.android.apis.app.ReceiveResult
ADDED from src\main\AndroidManifest.xml:192:9-197:20
	android:label
		ADDED from src\main\AndroidManifest.xml:192:53-100
	android:name
		ADDED from src\main\AndroidManifest.xml:192:19-52
activity#com.example.android.apis.app.SendResult
ADDED from src\main\AndroidManifest.xml:199:9-201:20
	android:theme
		ADDED from src\main\AndroidManifest.xml:200:17-60
	android:name
		ADDED from src\main\AndroidManifest.xml:199:19-49
activity#com.example.android.apis.app.Forwarding
ADDED from src\main\AndroidManifest.xml:203:9-208:20
	android:label
		ADDED from src\main\AndroidManifest.xml:203:50-93
	android:name
		ADDED from src\main\AndroidManifest.xml:203:19-49
activity#com.example.android.apis.app.ForwardTarget
ADDED from src\main\AndroidManifest.xml:210:9-211:20
	android:name
		ADDED from src\main\AndroidManifest.xml:210:19-52
activity#com.example.android.apis.app.RedirectEnter
ADDED from src\main\AndroidManifest.xml:213:9-218:20
	android:label
		ADDED from src\main\AndroidManifest.xml:213:53-94
	android:name
		ADDED from src\main\AndroidManifest.xml:213:19-52
activity#com.example.android.apis.app.RedirectMain
ADDED from src\main\AndroidManifest.xml:220:9-221:20
	android:name
		ADDED from src\main\AndroidManifest.xml:220:19-51
activity#com.example.android.apis.app.RedirectGetter
ADDED from src\main\AndroidManifest.xml:223:9-224:20
	android:name
		ADDED from src\main\AndroidManifest.xml:223:19-53
activity#com.example.android.apis.app.CustomTitle
ADDED from src\main\AndroidManifest.xml:228:9-236:20
	android:label
		ADDED from src\main\AndroidManifest.xml:229:17-62
	android:windowSoftInputMode
		ADDED from src\main\AndroidManifest.xml:230:17-69
	android:theme
		ADDED from src\main\AndroidManifest.xml:231:17-53
	android:name
		ADDED from src\main\AndroidManifest.xml:228:19-50
activity#com.example.android.apis.app.ReorderOnLaunch
ADDED from src\main\AndroidManifest.xml:238:9-244:20
	android:label
		ADDED from src\main\AndroidManifest.xml:239:17-57
	android:name
		ADDED from src\main\AndroidManifest.xml:238:19-54
activity#com.example.android.apis.app.RotationAnimation
ADDED from src\main\AndroidManifest.xml:246:9-252:20
	android:label
		ADDED from src\main\AndroidManifest.xml:247:17-68
	android:name
		ADDED from src\main\AndroidManifest.xml:246:19-56
activity#com.example.android.apis.app.ReorderTwo
ADDED from src\main\AndroidManifest.xml:254:9-52
	android:name
		ADDED from src\main\AndroidManifest.xml:254:19-49
activity#com.example.android.apis.app.ReorderThree
ADDED from src\main\AndroidManifest.xml:255:9-54
	android:name
		ADDED from src\main\AndroidManifest.xml:255:19-51
activity#com.example.android.apis.app.ReorderFour
ADDED from src\main\AndroidManifest.xml:256:9-53
	android:name
		ADDED from src\main\AndroidManifest.xml:256:19-50
activity#com.example.android.apis.app.SetWallpaperActivity
ADDED from src\main\AndroidManifest.xml:258:9-264:20
	android:label
		ADDED from src\main\AndroidManifest.xml:259:19-64
	android:name
		ADDED from src\main\AndroidManifest.xml:258:19-59
activity#com.example.android.apis.app.ScreenOrientation
ADDED from src\main\AndroidManifest.xml:266:9-272:20
	android:label
		ADDED from src\main\AndroidManifest.xml:267:19-70
	android:name
		ADDED from src\main\AndroidManifest.xml:266:19-56
activity#com.example.android.apis.app.PresentationActivity
ADDED from src\main\AndroidManifest.xml:274:9-280:20
	android:label
		ADDED from src\main\AndroidManifest.xml:275:17-62
	android:name
		ADDED from src\main\AndroidManifest.xml:274:19-59
activity#com.example.android.apis.app.PresentationWithMediaRouterActivity
ADDED from src\main\AndroidManifest.xml:282:9-288:20
	android:label
		ADDED from src\main\AndroidManifest.xml:283:17-80
	android:name
		ADDED from src\main\AndroidManifest.xml:282:19-74
activity#com.example.android.apis.app.SecureWindowActivity
ADDED from src\main\AndroidManifest.xml:290:9-296:20
	android:label
		ADDED from src\main\AndroidManifest.xml:291:17-63
	android:name
		ADDED from src\main\AndroidManifest.xml:290:19-59
activity#com.example.android.apis.app.SecureDialogActivity
ADDED from src\main\AndroidManifest.xml:298:9-304:20
	android:label
		ADDED from src\main\AndroidManifest.xml:299:17-63
	android:name
		ADDED from src\main\AndroidManifest.xml:298:19-59
activity#com.example.android.apis.app.SecureSurfaceViewActivity
ADDED from src\main\AndroidManifest.xml:306:9-312:20
	android:label
		ADDED from src\main\AndroidManifest.xml:307:17-69
	android:name
		ADDED from src\main\AndroidManifest.xml:306:19-64
activity#com.example.android.apis.app.FragmentAlertDialog
ADDED from src\main\AndroidManifest.xml:316:9-323:20
	android:enabled
		ADDED from src\main\AndroidManifest.xml:318:17-57
	android:label
		ADDED from src\main\AndroidManifest.xml:317:17-62
	android:name
		ADDED from src\main\AndroidManifest.xml:316:19-58
activity#com.example.android.apis.app.FragmentArguments
ADDED from src\main\AndroidManifest.xml:325:9-332:20
	android:enabled
		ADDED from src\main\AndroidManifest.xml:327:17-57
	android:label
		ADDED from src\main\AndroidManifest.xml:326:17-59
	android:name
		ADDED from src\main\AndroidManifest.xml:325:19-56
activity#com.example.android.apis.app.FragmentCustomAnimations
ADDED from src\main\AndroidManifest.xml:334:9-341:20
	android:enabled
		ADDED from src\main\AndroidManifest.xml:336:17-60
	android:label
		ADDED from src\main\AndroidManifest.xml:335:17-67
	android:name
		ADDED from src\main\AndroidManifest.xml:334:19-63
activity#com.example.android.apis.app.FragmentHideShow
ADDED from src\main\AndroidManifest.xml:343:9-351:20
	android:enabled
		ADDED from src\main\AndroidManifest.xml:346:17-57
	android:label
		ADDED from src\main\AndroidManifest.xml:344:17-59
	android:windowSoftInputMode
		ADDED from src\main\AndroidManifest.xml:345:17-61
	android:name
		ADDED from src\main\AndroidManifest.xml:343:19-55
activity#com.example.android.apis.app.FragmentContextMenu
ADDED from src\main\AndroidManifest.xml:353:9-360:20
	android:enabled
		ADDED from src\main\AndroidManifest.xml:355:17-57
	android:label
		ADDED from src\main\AndroidManifest.xml:354:17-62
	android:name
		ADDED from src\main\AndroidManifest.xml:353:19-58
activity#com.example.android.apis.app.FragmentDialog
ADDED from src\main\AndroidManifest.xml:362:9-369:20
	android:enabled
		ADDED from src\main\AndroidManifest.xml:364:17-57
	android:label
		ADDED from src\main\AndroidManifest.xml:363:17-56
	android:name
		ADDED from src\main\AndroidManifest.xml:362:19-53
activity#com.example.android.apis.app.FragmentDialogOrActivity
ADDED from src\main\AndroidManifest.xml:371:9-378:20
	android:enabled
		ADDED from src\main\AndroidManifest.xml:373:17-57
	android:label
		ADDED from src\main\AndroidManifest.xml:372:17-68
	android:name
		ADDED from src\main\AndroidManifest.xml:371:19-63
activity#com.example.android.apis.app.FragmentLayout
ADDED from src\main\AndroidManifest.xml:380:9-387:20
	android:enabled
		ADDED from src\main\AndroidManifest.xml:382:17-57
	android:label
		ADDED from src\main\AndroidManifest.xml:381:17-56
	android:name
		ADDED from src\main\AndroidManifest.xml:380:19-53
activity#com.example.android.apis.app.FragmentLayout$DetailsActivity
ADDED from src\main\AndroidManifest.xml:389:9-390:60
	android:enabled
		ADDED from src\main\AndroidManifest.xml:390:17-57
	android:name
		ADDED from src\main\AndroidManifest.xml:389:19-69
activity#com.example.android.apis.app.FragmentListArray
ADDED from src\main\AndroidManifest.xml:392:9-399:20
	android:enabled
		ADDED from src\main\AndroidManifest.xml:394:17-57
	android:label
		ADDED from src\main\AndroidManifest.xml:393:17-60
	android:name
		ADDED from src\main\AndroidManifest.xml:392:19-56
activity#com.example.android.apis.app.FragmentMenu
ADDED from src\main\AndroidManifest.xml:401:9-408:20
	android:enabled
		ADDED from src\main\AndroidManifest.xml:403:17-57
	android:label
		ADDED from src\main\AndroidManifest.xml:402:17-54
	android:name
		ADDED from src\main\AndroidManifest.xml:401:19-51
activity#com.example.android.apis.app.FragmentNestingTabs
ADDED from src\main\AndroidManifest.xml:410:9-417:20
	android:enabled
		ADDED from src\main\AndroidManifest.xml:412:17-60
	android:label
		ADDED from src\main\AndroidManifest.xml:411:17-62
	android:name
		ADDED from src\main\AndroidManifest.xml:410:19-58
activity#com.example.android.apis.app.FragmentRetainInstance
ADDED from src\main\AndroidManifest.xml:419:9-426:20
	android:enabled
		ADDED from src\main\AndroidManifest.xml:421:17-57
	android:label
		ADDED from src\main\AndroidManifest.xml:420:17-65
	android:name
		ADDED from src\main\AndroidManifest.xml:419:19-61
activity#com.example.android.apis.app.FragmentReceiveResult
ADDED from src\main\AndroidManifest.xml:428:9-435:20
	android:enabled
		ADDED from src\main\AndroidManifest.xml:430:17-57
	android:label
		ADDED from src\main\AndroidManifest.xml:429:17-64
	android:name
		ADDED from src\main\AndroidManifest.xml:428:19-60
activity#com.example.android.apis.app.FragmentStack
ADDED from src\main\AndroidManifest.xml:437:9-444:20
	android:enabled
		ADDED from src\main\AndroidManifest.xml:439:17-57
	android:label
		ADDED from src\main\AndroidManifest.xml:438:17-55
	android:name
		ADDED from src\main\AndroidManifest.xml:437:19-52
activity#com.example.android.apis.app.FragmentTabs
ADDED from src\main\AndroidManifest.xml:446:9-453:20
	android:enabled
		ADDED from src\main\AndroidManifest.xml:448:17-57
	android:label
		ADDED from src\main\AndroidManifest.xml:447:17-54
	android:name
		ADDED from src\main\AndroidManifest.xml:446:19-51
activity#com.example.android.apis.app.LoaderCursor
ADDED from src\main\AndroidManifest.xml:457:9-464:20
	android:enabled
		ADDED from src\main\AndroidManifest.xml:459:17-57
	android:label
		ADDED from src\main\AndroidManifest.xml:458:17-54
	android:name
		ADDED from src\main\AndroidManifest.xml:457:19-51
activity#com.example.android.apis.app.LoaderCustom
ADDED from src\main\AndroidManifest.xml:466:9-473:20
	android:enabled
		ADDED from src\main\AndroidManifest.xml:468:17-57
	android:label
		ADDED from src\main\AndroidManifest.xml:467:17-54
	android:name
		ADDED from src\main\AndroidManifest.xml:466:19-51
activity#com.example.android.apis.app.LoaderThrottle
ADDED from src\main\AndroidManifest.xml:476:9-483:20
	android:enabled
		ADDED from src\main\AndroidManifest.xml:478:17-57
	android:label
		ADDED from src\main\AndroidManifest.xml:477:17-56
	android:name
		ADDED from src\main\AndroidManifest.xml:476:19-53
provider#com.example.android.apis.app.LoaderThrottle$SimpleProvider
ADDED from src\main\AndroidManifest.xml:484:9-486:62
	android:enabled
		ADDED from src\main\AndroidManifest.xml:486:19-59
	android:authorities
		ADDED from src\main\AndroidManifest.xml:485:19-84
	android:name
		ADDED from src\main\AndroidManifest.xml:484:19-68
activity#com.example.android.apis.app.LoaderRetained
ADDED from src\main\AndroidManifest.xml:489:9-496:20
	android:enabled
		ADDED from src\main\AndroidManifest.xml:491:17-57
	android:label
		ADDED from src\main\AndroidManifest.xml:490:17-56
	android:name
		ADDED from src\main\AndroidManifest.xml:489:19-53
activity#com.example.android.apis.app.Intents
ADDED from src\main\AndroidManifest.xml:500:9-505:20
	android:label
		ADDED from src\main\AndroidManifest.xml:500:47-87
	android:name
		ADDED from src\main\AndroidManifest.xml:500:19-46
activity#com.example.android.apis.app.IntentActivityFlags
ADDED from src\main\AndroidManifest.xml:507:9-513:20
	android:label
		ADDED from src\main\AndroidManifest.xml:508:17-71
	android:name
		ADDED from src\main\AndroidManifest.xml:507:19-58
service#com.example.android.apis.app.LocalService
ADDED from src\main\AndroidManifest.xml:517:9-81
	android:stopWithTask
		ADDED from src\main\AndroidManifest.xml:517:51-78
	android:name
		ADDED from src\main\AndroidManifest.xml:517:18-50
activity#com.example.android.apis.app.LocalServiceActivities$Controller
ADDED from src\main\AndroidManifest.xml:519:9-526:20
	android:label
		ADDED from src\main\AndroidManifest.xml:520:17-74
	android:launchMode
		ADDED from src\main\AndroidManifest.xml:521:17-47
	android:name
		ADDED from src\main\AndroidManifest.xml:519:19-72
activity#com.example.android.apis.app.LocalServiceActivities$Binding
ADDED from src\main\AndroidManifest.xml:528:9-534:20
	android:label
		ADDED from src\main\AndroidManifest.xml:529:17-71
	android:name
		ADDED from src\main\AndroidManifest.xml:528:19-69
service#com.example.android.apis.app.MessengerService
ADDED from src\main\AndroidManifest.xml:537:9-538:45
	android:process
		ADDED from src\main\AndroidManifest.xml:538:17-42
	android:name
		ADDED from src\main\AndroidManifest.xml:537:18-54
activity#com.example.android.apis.app.MessengerServiceActivities$Binding
ADDED from src\main\AndroidManifest.xml:541:9-547:20
	android:label
		ADDED from src\main\AndroidManifest.xml:542:17-75
	android:name
		ADDED from src\main\AndroidManifest.xml:541:19-73
service#com.example.android.apis.app.RemoteService
ADDED from src\main\AndroidManifest.xml:549:9-559:19
	android:process
		ADDED from src\main\AndroidManifest.xml:549:52-77
	android:name
		ADDED from src\main\AndroidManifest.xml:549:18-51
intent-filter#action:name:com.example.android.apis.app.IRemoteService+action:name:com.example.android.apis.app.ISecondary+action:name:com.example.android.apis.app.REMOTE_SERVICE
ADDED from src\main\AndroidManifest.xml:550:13-558:29
action#com.example.android.apis.app.IRemoteService
ADDED from src\main\AndroidManifest.xml:553:17-86
	android:name
		ADDED from src\main\AndroidManifest.xml:553:25-83
action#com.example.android.apis.app.ISecondary
ADDED from src\main\AndroidManifest.xml:554:17-82
	android:name
		ADDED from src\main\AndroidManifest.xml:554:25-79
action#com.example.android.apis.app.REMOTE_SERVICE
ADDED from src\main\AndroidManifest.xml:557:17-86
	android:name
		ADDED from src\main\AndroidManifest.xml:557:25-83
activity#com.example.android.apis.app.RemoteService$Controller
ADDED from src\main\AndroidManifest.xml:561:9-568:20
	android:label
		ADDED from src\main\AndroidManifest.xml:562:17-75
	android:launchMode
		ADDED from src\main\AndroidManifest.xml:563:17-47
	android:name
		ADDED from src\main\AndroidManifest.xml:561:19-63
activity#com.example.android.apis.app.RemoteService$Binding
ADDED from src\main\AndroidManifest.xml:570:9-576:20
	android:label
		ADDED from src\main\AndroidManifest.xml:571:17-72
	android:name
		ADDED from src\main\AndroidManifest.xml:570:19-60
activity#com.example.android.apis.app.RemoteService$BindingOptions
ADDED from src\main\AndroidManifest.xml:578:9-584:20
	android:label
		ADDED from src\main\AndroidManifest.xml:579:17-80
	android:name
		ADDED from src\main\AndroidManifest.xml:578:19-67
service#com.example.android.apis.app.ServiceStartArguments
ADDED from src\main\AndroidManifest.xml:586:9-62
	android:name
		ADDED from src\main\AndroidManifest.xml:586:18-59
activity#com.example.android.apis.app.ServiceStartArguments$Controller
ADDED from src\main\AndroidManifest.xml:588:9-595:20
	android:label
		ADDED from src\main\AndroidManifest.xml:589:17-84
	android:launchMode
		ADDED from src\main\AndroidManifest.xml:590:17-47
	android:name
		ADDED from src\main\AndroidManifest.xml:588:19-71
service#com.example.android.apis.app.ForegroundService
ADDED from src\main\AndroidManifest.xml:597:9-58
	android:name
		ADDED from src\main\AndroidManifest.xml:597:18-55
activity#com.example.android.apis.app.ForegroundService$Controller
ADDED from src\main\AndroidManifest.xml:599:9-606:20
	android:label
		ADDED from src\main\AndroidManifest.xml:600:17-79
	android:launchMode
		ADDED from src\main\AndroidManifest.xml:601:17-47
	android:name
		ADDED from src\main\AndroidManifest.xml:599:19-67
activity#com.example.android.apis.app.IsolatedService$Controller
ADDED from src\main\AndroidManifest.xml:608:9-616:20
	android:enabled
		ADDED from src\main\AndroidManifest.xml:611:17-57
	android:label
		ADDED from src\main\AndroidManifest.xml:609:17-77
	android:launchMode
		ADDED from src\main\AndroidManifest.xml:610:17-47
	android:name
		ADDED from src\main\AndroidManifest.xml:608:19-65
service#com.example.android.apis.app.IsolatedService
ADDED from src\main\AndroidManifest.xml:618:9-619:60
	android:enabled
		ADDED from src\main\AndroidManifest.xml:619:17-57
	android:isolatedProcess
		ADDED from src\main\AndroidManifest.xml:618:54-84
	android:name
		ADDED from src\main\AndroidManifest.xml:618:18-53
service#com.example.android.apis.app.IsolatedService2
ADDED from src\main\AndroidManifest.xml:620:9-621:60
	android:enabled
		ADDED from src\main\AndroidManifest.xml:621:17-57
	android:isolatedProcess
		ADDED from src\main\AndroidManifest.xml:620:55-85
	android:name
		ADDED from src\main\AndroidManifest.xml:620:18-54
receiver#com.example.android.apis.app.OneShotAlarm
ADDED from src\main\AndroidManifest.xml:625:9-80
	android:process
		ADDED from src\main\AndroidManifest.xml:625:52-77
	android:name
		ADDED from src\main\AndroidManifest.xml:625:19-51
receiver#com.example.android.apis.app.RepeatingAlarm
ADDED from src\main\AndroidManifest.xml:627:9-82
	android:process
		ADDED from src\main\AndroidManifest.xml:627:54-79
	android:name
		ADDED from src\main\AndroidManifest.xml:627:19-53
activity#com.example.android.apis.app.AlarmController
ADDED from src\main\AndroidManifest.xml:629:9-634:20
	android:label
		ADDED from src\main\AndroidManifest.xml:629:55-104
	android:name
		ADDED from src\main\AndroidManifest.xml:629:19-54
service#com.example.android.apis.app.AlarmService_Service
ADDED from src\main\AndroidManifest.xml:636:9-87
	android:process
		ADDED from src\main\AndroidManifest.xml:636:59-84
	android:name
		ADDED from src\main\AndroidManifest.xml:636:18-58
activity#com.example.android.apis.app.AlarmService
ADDED from src\main\AndroidManifest.xml:638:9-643:20
	android:label
		ADDED from src\main\AndroidManifest.xml:638:52-98
	android:name
		ADDED from src\main\AndroidManifest.xml:638:19-51
activity#com.example.android.apis.accessibility.ClockBackActivity
ADDED from src\main\AndroidManifest.xml:649:9-655:20
	android:label
		ADDED from src\main\AndroidManifest.xml:650:13-58
	android:name
		ADDED from src\main\AndroidManifest.xml:649:19-66
service#com.example.android.apis.accessibility.ClockBackService
ADDED from src\main\AndroidManifest.xml:657:9-663:19
	android:label
		ADDED from src\main\AndroidManifest.xml:658:13-64
	android:permission
		ADDED from src\main\AndroidManifest.xml:659:13-79
	android:name
		ADDED from src\main\AndroidManifest.xml:657:18-64
intent-filter#action:name:android.accessibilityservice.AccessibilityService
ADDED from src\main\AndroidManifest.xml:660:13-662:29
action#android.accessibilityservice.AccessibilityService
ADDED from src\main\AndroidManifest.xml:661:17-92
	android:name
		ADDED from src\main\AndroidManifest.xml:661:25-89
activity#com.example.android.apis.accessibility.TaskListActivity
ADDED from src\main\AndroidManifest.xml:665:9-672:20
	android:enabled
		ADDED from src\main\AndroidManifest.xml:667:19-66
	android:label
		ADDED from src\main\AndroidManifest.xml:666:19-69
	android:name
		ADDED from src\main\AndroidManifest.xml:665:19-65
service#com.example.android.apis.accessibility.TaskBackService
ADDED from src\main\AndroidManifest.xml:674:9-684:19
	android:enabled
		ADDED from src\main\AndroidManifest.xml:676:18-65
	android:label
		ADDED from src\main\AndroidManifest.xml:675:18-74
	android:permission
		ADDED from src\main\AndroidManifest.xml:677:18-84
	android:name
		ADDED from src\main\AndroidManifest.xml:674:18-63
meta-data#android.accessibilityservice
ADDED from src\main\AndroidManifest.xml:681:13-683:58
	android:resource
		ADDED from src\main\AndroidManifest.xml:683:17-55
	android:name
		ADDED from src\main\AndroidManifest.xml:682:17-60
activity#com.example.android.apis.accessibility.CustomViewAccessibilityActivity
ADDED from src\main\AndroidManifest.xml:686:9-693:20
	android:enabled
		ADDED from src\main\AndroidManifest.xml:688:19-66
	android:label
		ADDED from src\main\AndroidManifest.xml:687:19-68
	android:name
		ADDED from src\main\AndroidManifest.xml:686:19-80
activity#com.example.android.apis.app.LocalSample
ADDED from src\main\AndroidManifest.xml:697:9-702:20
	android:label
		ADDED from src\main\AndroidManifest.xml:697:51-96
	android:name
		ADDED from src\main\AndroidManifest.xml:697:19-50
intent-filter#action:name:android.intent.action.MAIN
ADDED from src\main\AndroidManifest.xml:698:13-701:29
activity#com.example.android.apis.app.ContactsFilter
ADDED from src\main\AndroidManifest.xml:704:9-709:20
	android:label
		ADDED from src\main\AndroidManifest.xml:704:54-102
	android:name
		ADDED from src\main\AndroidManifest.xml:704:19-53
activity#com.example.android.apis.app.NotifyWithText
ADDED from src\main\AndroidManifest.xml:714:9-719:20
	android:label
		ADDED from src\main\AndroidManifest.xml:714:54-101
	android:name
		ADDED from src\main\AndroidManifest.xml:714:19-53
activity#com.example.android.apis.app.IncomingMessage
ADDED from src\main\AndroidManifest.xml:721:9-727:20
	android:label
		ADDED from src\main\AndroidManifest.xml:722:17-65
	android:name
		ADDED from src\main\AndroidManifest.xml:721:19-54
activity#com.example.android.apis.app.IncomingMessageView
ADDED from src\main\AndroidManifest.xml:729:9-731:20
	android:label